<?xml version="1.0" encoding="UTF-8"?>
<testng-results ignored="0" total="1" passed="1" failed="0" skipped="0">
  <reporter-output>
  </reporter-output>
  <suite started-at="2023-05-01T19:20:12 CDT" name="Default suite" finished-at="2023-05-01T19:20:36 CDT" duration-ms="24675">
    <groups>
    </groups>
    <test started-at="2023-05-01T19:20:12 CDT" name="Default test" finished-at="2023-05-01T19:20:36 CDT" duration-ms="24675">
      <class name="testsenarios.Testdemo9">
        <test-method signature="f()[pri:0, instance:testsenarios.Testdemo9@1e1a0406]" started-at="2023-05-01T19:20:12 CDT" name="f" finished-at="2023-05-01T19:20:36 CDT" duration-ms="24599" status="PASS">
          <reporter-output>
          </reporter-output>
        </test-method> <!-- f -->
      </class> <!-- testsenarios.Testdemo9 -->
    </test> <!-- Default test -->
  </suite> <!-- Default suite -->
</testng-results>
