<?xml version="1.0" encoding="UTF-8"?>
<testng-results ignored="0" total="1" passed="1" failed="0" skipped="0">
  <reporter-output>
  </reporter-output>
  <suite started-at="2023-05-13T03:22:34 CDT" name="Default suite" finished-at="2023-05-13T03:22:51 CDT" duration-ms="16936">
    <groups>
    </groups>
    <test started-at="2023-05-13T03:22:34 CDT" name="Default test" finished-at="2023-05-13T03:22:51 CDT" duration-ms="16936">
      <class name="dataDrivenFramework.Login_pageAssign13">
        <test-method signature="f()[pri:0, instance:dataDrivenFramework.Login_pageAssign13@4efac082]" started-at="2023-05-13T03:22:34 CDT" name="f" finished-at="2023-05-13T03:22:51 CDT" duration-ms="16863" status="PASS">
          <reporter-output>
          </reporter-output>
        </test-method> <!-- f -->
      </class> <!-- dataDrivenFramework.Login_pageAssign13 -->
    </test> <!-- Default test -->
  </suite> <!-- Default suite -->
</testng-results>
